<?xml version="1.0" encoding="UTF-8"?>
<!-- Generated by org.testng.reporters.JUnitXMLReporter -->
<testsuite hostname="len103" name="Default test" tests="8" failures="2" timestamp="11 Nov 2019 11:47:25 GMT" time="74.787" errors="0">
  <testcase name="amortization" time="14.655" classname="com.idexcel.termloanservice.scripts.Amortization"/>
  <testcase name="amortizationGet" time="5.651" classname="com.idexcel.termloanservice.scripts.Amortization"/>
  <testcase name="amortizationGet" time="5.619" classname="com.idexcel.termloanservice.scripts.Amortization"/>
  <testcase name="amortizationSchelue" time="8.281" classname="com.idexcel.termloanservice.scripts.Amortization"/>
  <testcase name="amortizationScheluePUt" time="2.894" classname="com.idexcel.termloanservice.scripts.Amortization">
    <failure type="java.lang.AssertionError" message="The following asserts failed:
	this is the status code for Onetimemanualfee expected [204] but found [404]">
      <![CDATA[java.lang.AssertionError: The following asserts failed:
	this is the status code for Onetimemanualfee expected [204] but found [404]
	at com.idexcel.termloanservice.scripts.Amortization.amortizationScheluePUt_aroundBody8(Amortization.java:150)
	at com.idexcel.termloanservice.scripts.Amortization$AjcClosure9.run(Amortization.java:1)
	at io.qameta.allure.aspects.StepsAspects.step(StepsAspects.java:51)
	at com.idexcel.termloanservice.scripts.Amortization.amortizationScheluePUt(Amortization.java:143)
... Removed 26 stack frames]]>
    </failure>
  </testcase> <!-- amortizationScheluePUt -->
  <testcase name="amortizationScheluePost" time="8.161" classname="com.idexcel.termloanservice.scripts.Amortization"/>
  <testcase name="amortizationScheluePutUPdateRegularDate" time="13.039" classname="com.idexcel.termloanservice.scripts.Amortization"/>
  <testcase name="amortizationSchelueRecalculatefroPreview" time="14.042" classname="com.idexcel.termloanservice.scripts.Amortization">
    <failure type="java.lang.AssertionError" message="The following asserts failed:
	This is the statuc code verifiaction for recalculate expected [204] but found [404],
	this is to verify status code of recalculate get expected [204] but found [404]">
      <![CDATA[java.lang.AssertionError: The following asserts failed:
	This is the statuc code verifiaction for recalculate expected [204] but found [404],
	this is to verify status code of recalculate get expected [204] but found [404]
	at com.idexcel.termloanservice.scripts.Amortization.amortizationSchelueRecalculatefroPreview_aroundBody12(Amortization.java:218)
	at com.idexcel.termloanservice.scripts.Amortization$AjcClosure13.run(Amortization.java:1)
	at io.qameta.allure.aspects.StepsAspects.step(StepsAspects.java:51)
	at com.idexcel.termloanservice.scripts.Amortization.amortizationSchelueRecalculatefroPreview(Amortization.java:197)
... Removed 26 stack frames]]>
    </failure>
  </testcase> <!-- amortizationSchelueRecalculatefroPreview -->
</testsuite> <!-- Default test -->
