<?xml version="1.0" encoding="UTF-8"?>
<!-- Generated by org.testng.reporters.JUnitXMLReporter -->
<testsuite hostname="len103" name="Default test(failed)" tests="2" failures="2" timestamp="11 Nov 2019 11:47:40 GMT" time="14.904" errors="0">
  <testcase name="amortizationSchelueRecalculatefroPreview" time="12.117" classname="com.idexcel.termloanservice.scripts.Amortization">
    <failure type="java.lang.AssertionError" message="The following asserts failed:
	This is the statuc code verifiaction for recalculate expected [204] but found [404],
	this is to verify status code of recalculate get expected [204] but found [404]">
      <![CDATA[java.lang.AssertionError: The following asserts failed:
	This is the statuc code verifiaction for recalculate expected [204] but found [404],
	this is to verify status code of recalculate get expected [204] but found [404]
	at com.idexcel.termloanservice.scripts.Amortization.amortizationSchelueRecalculatefroPreview_aroundBody12(Amortization.java:218)
	at com.idexcel.termloanservice.scripts.Amortization$AjcClosure13.run(Amortization.java:1)
	at io.qameta.allure.aspects.StepsAspects.step(StepsAspects.java:51)
	at com.idexcel.termloanservice.scripts.Amortization.amortizationSchelueRecalculatefroPreview(Amortization.java:197)
... Removed 26 stack frames]]>
    </failure>
  </testcase> <!-- amortizationSchelueRecalculatefroPreview -->
  <testcase name="amortizationScheluePUt" time="2.758" classname="com.idexcel.termloanservice.scripts.Amortization">
    <failure type="java.lang.AssertionError" message="The following asserts failed:
	this is the status code for Onetimemanualfee expected [204] but found [404]">
      <![CDATA[java.lang.AssertionError: The following asserts failed:
	this is the status code for Onetimemanualfee expected [204] but found [404]
	at com.idexcel.termloanservice.scripts.Amortization.amortizationScheluePUt_aroundBody8(Amortization.java:150)
	at com.idexcel.termloanservice.scripts.Amortization$AjcClosure9.run(Amortization.java:1)
	at io.qameta.allure.aspects.StepsAspects.step(StepsAspects.java:51)
	at com.idexcel.termloanservice.scripts.Amortization.amortizationScheluePUt(Amortization.java:143)
... Removed 26 stack frames]]>
    </failure>
  </testcase> <!-- amortizationScheluePUt -->
</testsuite> <!-- Default test(failed) -->
