<html>
<head>
<title>TestNG:  Default test(failed)</title>
<link href="../testng.css" rel="stylesheet" type="text/css" />
<link href="../my-testng.css" rel="stylesheet" type="text/css" />

<style type="text/css">
.log { display: none;} 
.stack-trace { display: none;} 
</style>
<script type="text/javascript">
<!--
function flip(e) {
  current = e.style.display;
  if (current == 'block') {
    e.style.display = 'none';
    return 0;
  }
  else {
    e.style.display = 'block';
    return 1;
  }
}

function toggleBox(szDivId, elem, msg1, msg2)
{
  var res = -1;  if (document.getElementById) {
    res = flip(document.getElementById(szDivId));
  }
  else if (document.all) {
    // this is the way old msie versions work
    res = flip(document.all[szDivId]);
  }
  if(elem) {
    if(res == 0) elem.innerHTML = msg1; else elem.innerHTML = msg2;
  }

}

function toggleAllBoxes() {
  if (document.getElementsByTagName) {
    d = document.getElementsByTagName('div');
    for (i = 0; i < d.length; i++) {
      if (d[i].className == 'log') {
        flip(d[i]);
      }
    }
  }
}

// -->
</script>

</head>
<body>
<h2 align='center'>Default test(failed)</h2><table border='1' align="center">
<tr>
<td>Tests passed/Failed/Skipped:</td><td>0/2/0</td>
</tr><tr>
<td>Started on:</td><td>Mon Nov 11 17:17:25 IST 2019</td>
</tr>
<tr><td>Total time:</td><td>14 seconds (14904 ms)</td>
</tr><tr>
<td>Included groups:</td><td></td>
</tr><tr>
<td>Excluded groups:</td><td></td>
</tr>
</table><p/>
<small><i>(Hover the method name to see the test class name)</i></small><p/>
<table width='100%' border='1' class='invocation-failed'>
<tr><td colspan='4' align='center'><b>FAILED TESTS</b></td></tr>
<tr><td><b>Test method</b></td>
<td width="30%"><b>Exception</b></td>
<td width="10%"><b>Time (seconds)</b></td>
<td><b>Instance</b></td>
</tr>
<tr>
<td title='com.idexcel.termloanservice.scripts.Amortization.amortizationScheluePUt()'><b>amortizationScheluePUt</b><br>Test class: com.idexcel.termloanservice.scripts.Amortization</td>
<td><div><pre>java.lang.AssertionError: The following asserts failed:
	this is the status code for Onetimemanualfee expected [204] but found [404]
	at com.idexcel.termloanservice.scripts.Amortization.amortizationScheluePUt_aroundBody8(Amortization.java:150)
	at com.idexcel.termloanservice.scripts.Amortization$AjcClosure9.run(Amortization.java:1)
	at io.qameta.allure.aspects.StepsAspects.step(StepsAspects.java:51)
	at com.idexcel.termloanservice.scripts.Amortization.amortizationScheluePUt(Amortization.java:143)
... Removed 26 stack frames</pre></div><a href='#' onClick='toggleBox("stack-trace800413160", this, "Click to show all stack frames", "Click to hide stack frames")'>Click to show all stack frames</a>
<div class='stack-trace' id='stack-trace800413160'><pre>java.lang.AssertionError: The following asserts failed:
	this is the status code for Onetimemanualfee expected [204] but found [404]
	at org.testng.asserts.SoftAssert.assertAll(SoftAssert.java:43)
	at com.idexcel.termloanservice.scripts.Amortization.amortizationScheluePUt_aroundBody8(Amortization.java:150)
	at com.idexcel.termloanservice.scripts.Amortization$AjcClosure9.run(Amortization.java:1)
	at org.aspectj.runtime.reflect.JoinPointImpl.proceed(JoinPointImpl.java:149)
	at io.qameta.allure.aspects.StepsAspects.step(StepsAspects.java:51)
	at com.idexcel.termloanservice.scripts.Amortization.amortizationScheluePUt(Amortization.java:143)
	at sun.reflect.NativeMethodAccessorImpl.invoke0(Native Method)
	at sun.reflect.NativeMethodAccessorImpl.invoke(NativeMethodAccessorImpl.java:62)
	at sun.reflect.DelegatingMethodAccessorImpl.invoke(DelegatingMethodAccessorImpl.java:43)
	at java.lang.reflect.Method.invoke(Method.java:498)
	at org.testng.internal.MethodInvocationHelper.invokeMethod(MethodInvocationHelper.java:86)
	at org.testng.internal.Invoker.invokeMethod(Invoker.java:645)
	at org.testng.internal.Invoker.invokeTestMethod(Invoker.java:822)
	at org.testng.internal.Invoker.invokeTestMethods(Invoker.java:1130)
	at org.testng.internal.TestMethodWorker.invokeTestMethods(TestMethodWorker.java:129)
	at org.testng.internal.TestMethodWorker.run(TestMethodWorker.java:112)
	at org.testng.TestRunner.privateRun(TestRunner.java:782)
	at org.testng.TestRunner.run(TestRunner.java:632)
	at org.testng.SuiteRunner.runTest(SuiteRunner.java:366)
	at org.testng.SuiteRunner.runSequentially(SuiteRunner.java:361)
	at org.testng.SuiteRunner.privateRun(SuiteRunner.java:319)
	at org.testng.SuiteRunner.run(SuiteRunner.java:268)
	at org.testng.SuiteRunnerWorker.runSuite(SuiteRunnerWorker.java:52)
	at org.testng.SuiteRunnerWorker.run(SuiteRunnerWorker.java:86)
	at org.testng.TestNG.runSuitesSequentially(TestNG.java:1244)
	at org.testng.TestNG.runSuitesLocally(TestNG.java:1169)
	at org.testng.TestNG.run(TestNG.java:1064)
	at org.testng.remote.RemoteTestNG.run(RemoteTestNG.java:113)
	at org.testng.remote.RemoteTestNG.initAndRun(RemoteTestNG.java:206)
	at org.testng.remote.RemoteTestNG.main(RemoteTestNG.java:177)
</pre></div></td>
<td>2</td>
<td>com.idexcel.termloanservice.scripts.Amortization@522bf64e</td></tr>
<tr>
<td title='com.idexcel.termloanservice.scripts.Amortization.amortizationSchelueRecalculatefroPreview()'><b>amortizationSchelueRecalculatefroPreview</b><br>Test class: com.idexcel.termloanservice.scripts.Amortization</td>
<td><div><pre>java.lang.AssertionError: The following asserts failed:
	This is the statuc code verifiaction for recalculate expected [204] but found [404],
	this is to verify status code of recalculate get expected [204] but found [404]
	at com.idexcel.termloanservice.scripts.Amortization.amortizationSchelueRecalculatefroPreview_aroundBody12(Amortization.java:218)
	at com.idexcel.termloanservice.scripts.Amortization$AjcClosure13.run(Amortization.java:1)
	at io.qameta.allure.aspects.StepsAspects.step(StepsAspects.java:51)
	at com.idexcel.termloanservice.scripts.Amortization.amortizationSchelueRecalculatefroPreview(Amortization.java:197)
... Removed 26 stack frames</pre></div><a href='#' onClick='toggleBox("stack-trace1076906296", this, "Click to show all stack frames", "Click to hide stack frames")'>Click to show all stack frames</a>
<div class='stack-trace' id='stack-trace1076906296'><pre>java.lang.AssertionError: The following asserts failed:
	This is the statuc code verifiaction for recalculate expected [204] but found [404],
	this is to verify status code of recalculate get expected [204] but found [404]
	at org.testng.asserts.SoftAssert.assertAll(SoftAssert.java:43)
	at com.idexcel.termloanservice.scripts.Amortization.amortizationSchelueRecalculatefroPreview_aroundBody12(Amortization.java:218)
	at com.idexcel.termloanservice.scripts.Amortization$AjcClosure13.run(Amortization.java:1)
	at org.aspectj.runtime.reflect.JoinPointImpl.proceed(JoinPointImpl.java:149)
	at io.qameta.allure.aspects.StepsAspects.step(StepsAspects.java:51)
	at com.idexcel.termloanservice.scripts.Amortization.amortizationSchelueRecalculatefroPreview(Amortization.java:197)
	at sun.reflect.NativeMethodAccessorImpl.invoke0(Native Method)
	at sun.reflect.NativeMethodAccessorImpl.invoke(NativeMethodAccessorImpl.java:62)
	at sun.reflect.DelegatingMethodAccessorImpl.invoke(DelegatingMethodAccessorImpl.java:43)
	at java.lang.reflect.Method.invoke(Method.java:498)
	at org.testng.internal.MethodInvocationHelper.invokeMethod(MethodInvocationHelper.java:86)
	at org.testng.internal.Invoker.invokeMethod(Invoker.java:645)
	at org.testng.internal.Invoker.invokeTestMethod(Invoker.java:822)
	at org.testng.internal.Invoker.invokeTestMethods(Invoker.java:1130)
	at org.testng.internal.TestMethodWorker.invokeTestMethods(TestMethodWorker.java:129)
	at org.testng.internal.TestMethodWorker.run(TestMethodWorker.java:112)
	at org.testng.TestRunner.privateRun(TestRunner.java:782)
	at org.testng.TestRunner.run(TestRunner.java:632)
	at org.testng.SuiteRunner.runTest(SuiteRunner.java:366)
	at org.testng.SuiteRunner.runSequentially(SuiteRunner.java:361)
	at org.testng.SuiteRunner.privateRun(SuiteRunner.java:319)
	at org.testng.SuiteRunner.run(SuiteRunner.java:268)
	at org.testng.SuiteRunnerWorker.runSuite(SuiteRunnerWorker.java:52)
	at org.testng.SuiteRunnerWorker.run(SuiteRunnerWorker.java:86)
	at org.testng.TestNG.runSuitesSequentially(TestNG.java:1244)
	at org.testng.TestNG.runSuitesLocally(TestNG.java:1169)
	at org.testng.TestNG.run(TestNG.java:1064)
	at org.testng.remote.RemoteTestNG.run(RemoteTestNG.java:113)
	at org.testng.remote.RemoteTestNG.initAndRun(RemoteTestNG.java:206)
	at org.testng.remote.RemoteTestNG.main(RemoteTestNG.java:177)
</pre></div></td>
<td>12</td>
<td>com.idexcel.termloanservice.scripts.Amortization@522bf64e</td></tr>
</table><p>
</body>
</html>