<?xml version="1.0" encoding="UTF-8"?>
<!-- Generated by org.testng.reporters.JUnitReportReporter -->
<testsuite skipped="0" hostname="len103" name="chargecodesmastercontroller.ControllerfortermloanchargecodesCRUDoperations" tests="22" failures="1" timestamp="05 Sep 2019 13:09:13 GMT" time="79.213" errors="0">
  <testcase name="chargeCodeNegativeScenario" time="2.641" classname="chargecodesmastercontroller.ControllerfortermloanchargecodesCRUDoperations"/>
  <testcase name="chargeCodeNegativeScenario" time="2.720" classname="chargecodesmastercontroller.ControllerfortermloanchargecodesCRUDoperations"/>
  <testcase name="chargeCodeNegativeScenario" time="4.490" classname="chargecodesmastercontroller.ControllerfortermloanchargecodesCRUDoperations"/>
  <testcase name="chargeCodeNegativeScenario" time="2.603" classname="chargecodesmastercontroller.ControllerfortermloanchargecodesCRUDoperations"/>
  <testcase name="chargeCodeNegativeScenario" time="2.586" classname="chargecodesmastercontroller.ControllerfortermloanchargecodesCRUDoperations"/>
  <testcase name="chargeCodeNegativeScenario" time="8.554" classname="chargecodesmastercontroller.ControllerfortermloanchargecodesCRUDoperations"/>
  <testcase name="chargeCodeNegativeScenario" time="2.621" classname="chargecodesmastercontroller.ControllerfortermloanchargecodesCRUDoperations"/>
  <testcase name="getAllids" time="15.791" classname="chargecodesmastercontroller.ControllerfortermloanchargecodesCRUDoperations"/>
  <testcase name="chargeCodeNegativeScenario" time="3.046" classname="chargecodesmastercontroller.ControllerfortermloanchargecodesCRUDoperations"/>
  <testcase name="chargeCodeNegativeScenario" time="2.628" classname="chargecodesmastercontroller.ControllerfortermloanchargecodesCRUDoperations"/>
  <testcase name="chargeCodeNegativeScenario" time="2.663" classname="chargecodesmastercontroller.ControllerfortermloanchargecodesCRUDoperations"/>
  <testcase name="chargeCodeNegativeScenario" time="2.677" classname="chargecodesmastercontroller.ControllerfortermloanchargecodesCRUDoperations"/>
  <testcase name="chargeCodeNegativeScenario" time="2.817" classname="chargecodesmastercontroller.ControllerfortermloanchargecodesCRUDoperations">
    <failure type="java.lang.AssertionError" message="The following asserts failed:
	expected [400] but found [500]">
      <![CDATA[java.lang.AssertionError: The following asserts failed:expected [400] but found [500]at org.testng.asserts.SoftAssert.assertAll(SoftAssert.java:43)at chargecodesmastercontroller.ControllerfortermloanchargecodesCRUDoperations.chargeCodeNegativeScenario(ControllerfortermloanchargecodesCRUDoperations.java:106)at sun.reflect.NativeMethodAccessorImpl.invoke0(Native Method)at sun.reflect.NativeMethodAccessorImpl.invoke(NativeMethodAccessorImpl.java:62)at sun.reflect.DelegatingMethodAccessorImpl.invoke(DelegatingMethodAccessorImpl.java:43)at java.lang.reflect.Method.invoke(Method.java:498)at org.testng.internal.MethodInvocationHelper.invokeMethod(MethodInvocationHelper.java:124)at org.testng.internal.Invoker.invokeMethod(Invoker.java:571)at org.testng.internal.Invoker.invokeTestMethod(Invoker.java:707)at org.testng.internal.Invoker.invokeTestMethods(Invoker.java:979)at org.testng.internal.TestMethodWorker.invokeTestMethods(TestMethodWorker.java:125)at org.testng.internal.TestMethodWorker.run(TestMethodWorker.java:109)at org.testng.TestRunner.privateRun(TestRunner.java:648)at org.testng.TestRunner.run(TestRunner.java:505)at org.testng.SuiteRunner.runTest(SuiteRunner.java:455)at org.testng.SuiteRunner.runSequentially(SuiteRunner.java:450)at org.testng.SuiteRunner.privateRun(SuiteRunner.java:415)at org.testng.SuiteRunner.run(SuiteRunner.java:364)at org.testng.SuiteRunnerWorker.runSuite(SuiteRunnerWorker.java:52)at org.testng.SuiteRunnerWorker.run(SuiteRunnerWorker.java:84)at org.testng.TestNG.runSuitesSequentially(TestNG.java:1187)at org.testng.TestNG.runSuitesLocally(TestNG.java:1116)at org.testng.TestNG.runSuites(TestNG.java:1028)at org.testng.TestNG.run(TestNG.java:996)at org.testng.remote.AbstractRemoteTestNG.run(AbstractRemoteTestNG.java:114)at org.testng.remote.RemoteTestNG.initAndRun(RemoteTestNG.java:251)at org.testng.remote.RemoteTestNG.main(RemoteTestNG.java:77)]]>
    </failure>
  </testcase> <!-- chargeCodeNegativeScenario -->
  <testcase name="chargeCodeNegativeScenario" time="2.606" classname="chargecodesmastercontroller.ControllerfortermloanchargecodesCRUDoperations"/>
  <testcase name="chargeCodeNegativeScenario" time="2.585" classname="chargecodesmastercontroller.ControllerfortermloanchargecodesCRUDoperations"/>
  <testcase name="chargeCodeNegativeScenario" time="2.591" classname="chargecodesmastercontroller.ControllerfortermloanchargecodesCRUDoperations"/>
  <testcase name="chargeCodeNegativeScenario" time="2.537" classname="chargecodesmastercontroller.ControllerfortermloanchargecodesCRUDoperations"/>
  <testcase name="chargeCodeNegativeScenario" time="2.623" classname="chargecodesmastercontroller.ControllerfortermloanchargecodesCRUDoperations"/>
  <testcase name="chargeCodeNegativeScenario" time="2.565" classname="chargecodesmastercontroller.ControllerfortermloanchargecodesCRUDoperations"/>
  <testcase name="chargeCodeNegativeScenario" time="2.649" classname="chargecodesmastercontroller.ControllerfortermloanchargecodesCRUDoperations"/>
  <testcase name="chargeCodeNegativeScenario" time="2.614" classname="chargecodesmastercontroller.ControllerfortermloanchargecodesCRUDoperations"/>
  <testcase name="chargeCodeNegativeScenario" time="2.606" classname="chargecodesmastercontroller.ControllerfortermloanchargecodesCRUDoperations"/>
</testsuite> <!-- chargecodesmastercontroller.ControllerfortermloanchargecodesCRUDoperations -->
