<?xml version="1.0" encoding="UTF-8"?>
<!-- Generated by org.testng.reporters.JUnitReportReporter -->
<testsuite hostname="len103" name="com.idexcel.termloanservice.scripts.TermLoanLoanName" tests="49" failures="4" timestamp="1 Apr 2020 10:36:55 GMT" time="308.502" errors="0">
  <testcase name="termLoanNameWithNegativedata" time="5.858" classname="com.idexcel.termloanservice.scripts.TermLoanLoanName"/>
  <testcase name="termLoanNameWithNegativedata" time="5.838" classname="com.idexcel.termloanservice.scripts.TermLoanLoanName"/>
  <testcase name="termLoanNameWithNegativedata" time="6.009" classname="com.idexcel.termloanservice.scripts.TermLoanLoanName"/>
  <testcase name="termLoanNameWithNegativedata" time="6.281" classname="com.idexcel.termloanservice.scripts.TermLoanLoanName"/>
  <testcase name="termLoanNameWithNegativedata" time="5.934" classname="com.idexcel.termloanservice.scripts.TermLoanLoanName"/>
  <testcase name="termLoanNameWithNegativedata" time="6.285" classname="com.idexcel.termloanservice.scripts.TermLoanLoanName"/>
  <testcase name="termLoanNameWithNegativedata" time="6.024" classname="com.idexcel.termloanservice.scripts.TermLoanLoanName"/>
  <testcase name="termLoanNameWithNegativedata" time="6.963" classname="com.idexcel.termloanservice.scripts.TermLoanLoanName"/>
  <testcase name="termLoanNameWithNegativedata" time="5.907" classname="com.idexcel.termloanservice.scripts.TermLoanLoanName"/>
  <testcase name="termLoanNameWithNegativedata" time="7.369" classname="com.idexcel.termloanservice.scripts.TermLoanLoanName"/>
  <testcase name="termLoanNameWithNegativedata" time="5.926" classname="com.idexcel.termloanservice.scripts.TermLoanLoanName"/>
  <testcase name="termLoanNameWithNegativedata" time="7.149" classname="com.idexcel.termloanservice.scripts.TermLoanLoanName"/>
  <testcase name="termLoanNameWithNegativedata" time="6.997" classname="com.idexcel.termloanservice.scripts.TermLoanLoanName">
    <failure type="java.lang.AssertionError" message="The following asserts failed:
	This is to verify Statuas code of Term loan setup loan name for Negative data expected [400] but found [500]">
      <![CDATA[java.lang.AssertionError: The following asserts failed:
	This is to verify Statuas code of Term loan setup loan name for Negative data expected [400] but found [500]
	at org.testng.asserts.SoftAssert.assertAll(SoftAssert.java:43)
	at com.idexcel.termloanservice.scripts.TermLoanLoanName.termLoanNameWithNegativedata_aroundBody0(TermLoanLoanName.java:57)
	at com.idexcel.termloanservice.scripts.TermLoanLoanName$AjcClosure1.run(TermLoanLoanName.java:1)
	at org.aspectj.runtime.reflect.JoinPointImpl.proceed(JoinPointImpl.java:149)
	at io.qameta.allure.aspects.StepsAspects.step(StepsAspects.java:51)
	at com.idexcel.termloanservice.scripts.TermLoanLoanName.termLoanNameWithNegativedata(TermLoanLoanName.java:48)
	at sun.reflect.GeneratedMethodAccessor165.invoke(Unknown Source)
	at sun.reflect.DelegatingMethodAccessorImpl.invoke(DelegatingMethodAccessorImpl.java:43)
	at java.lang.reflect.Method.invoke(Method.java:498)
	at org.testng.internal.MethodInvocationHelper.invokeMethod(MethodInvocationHelper.java:86)
	at org.testng.internal.Invoker.invokeMethod(Invoker.java:645)
	at org.testng.internal.Invoker.invokeTestMethod(Invoker.java:822)
	at org.testng.internal.Invoker.invokeTestMethods(Invoker.java:1130)
	at org.testng.internal.TestMethodWorker.invokeTestMethods(TestMethodWorker.java:129)
	at org.testng.internal.TestMethodWorker.run(TestMethodWorker.java:112)
	at org.testng.TestRunner.privateRun(TestRunner.java:782)
	at org.testng.TestRunner.run(TestRunner.java:632)
	at org.testng.SuiteRunner.runTest(SuiteRunner.java:366)
	at org.testng.SuiteRunner.runSequentially(SuiteRunner.java:361)
	at org.testng.SuiteRunner.privateRun(SuiteRunner.java:319)
	at org.testng.SuiteRunner.run(SuiteRunner.java:268)
	at org.testng.SuiteRunnerWorker.runSuite(SuiteRunnerWorker.java:52)
	at org.testng.SuiteRunnerWorker.run(SuiteRunnerWorker.java:86)
	at org.testng.TestNG.runSuitesSequentially(TestNG.java:1244)
	at org.testng.TestNG.runSuitesLocally(TestNG.java:1169)
	at org.testng.TestNG.run(TestNG.java:1064)
	at org.testng.remote.RemoteTestNG.run(RemoteTestNG.java:113)
	at org.testng.remote.RemoteTestNG.initAndRun(RemoteTestNG.java:206)
	at org.testng.remote.RemoteTestNG.main(RemoteTestNG.java:177)
]]>
    </failure>
  </testcase> <!-- termLoanNameWithNegativedata -->
  <testcase name="termLoanNameWithNegativedata" time="5.859" classname="com.idexcel.termloanservice.scripts.TermLoanLoanName"/>
  <testcase name="termLoanNameWithNegativedata" time="5.806" classname="com.idexcel.termloanservice.scripts.TermLoanLoanName"/>
  <testcase name="termLoanNameWithNegativedata" time="6.960" classname="com.idexcel.termloanservice.scripts.TermLoanLoanName">
    <failure type="java.lang.AssertionError" message="The following asserts failed:
	This is to verify Statuas code of Term loan setup loan name for Negative data expected [400] but found [500]">
      <![CDATA[java.lang.AssertionError: The following asserts failed:
	This is to verify Statuas code of Term loan setup loan name for Negative data expected [400] but found [500]
	at org.testng.asserts.SoftAssert.assertAll(SoftAssert.java:43)
	at com.idexcel.termloanservice.scripts.TermLoanLoanName.termLoanNameWithNegativedata_aroundBody0(TermLoanLoanName.java:57)
	at com.idexcel.termloanservice.scripts.TermLoanLoanName$AjcClosure1.run(TermLoanLoanName.java:1)
	at org.aspectj.runtime.reflect.JoinPointImpl.proceed(JoinPointImpl.java:149)
	at io.qameta.allure.aspects.StepsAspects.step(StepsAspects.java:51)
	at com.idexcel.termloanservice.scripts.TermLoanLoanName.termLoanNameWithNegativedata(TermLoanLoanName.java:48)
	at sun.reflect.GeneratedMethodAccessor165.invoke(Unknown Source)
	at sun.reflect.DelegatingMethodAccessorImpl.invoke(DelegatingMethodAccessorImpl.java:43)
	at java.lang.reflect.Method.invoke(Method.java:498)
	at org.testng.internal.MethodInvocationHelper.invokeMethod(MethodInvocationHelper.java:86)
	at org.testng.internal.Invoker.invokeMethod(Invoker.java:645)
	at org.testng.internal.Invoker.invokeTestMethod(Invoker.java:822)
	at org.testng.internal.Invoker.invokeTestMethods(Invoker.java:1130)
	at org.testng.internal.TestMethodWorker.invokeTestMethods(TestMethodWorker.java:129)
	at org.testng.internal.TestMethodWorker.run(TestMethodWorker.java:112)
	at org.testng.TestRunner.privateRun(TestRunner.java:782)
	at org.testng.TestRunner.run(TestRunner.java:632)
	at org.testng.SuiteRunner.runTest(SuiteRunner.java:366)
	at org.testng.SuiteRunner.runSequentially(SuiteRunner.java:361)
	at org.testng.SuiteRunner.privateRun(SuiteRunner.java:319)
	at org.testng.SuiteRunner.run(SuiteRunner.java:268)
	at org.testng.SuiteRunnerWorker.runSuite(SuiteRunnerWorker.java:52)
	at org.testng.SuiteRunnerWorker.run(SuiteRunnerWorker.java:86)
	at org.testng.TestNG.runSuitesSequentially(TestNG.java:1244)
	at org.testng.TestNG.runSuitesLocally(TestNG.java:1169)
	at org.testng.TestNG.run(TestNG.java:1064)
	at org.testng.remote.RemoteTestNG.run(RemoteTestNG.java:113)
	at org.testng.remote.RemoteTestNG.initAndRun(RemoteTestNG.java:206)
	at org.testng.remote.RemoteTestNG.main(RemoteTestNG.java:177)
]]>
    </failure>
  </testcase> <!-- termLoanNameWithNegativedata -->
  <testcase name="termLoanNameWithNegativedata" time="5.924" classname="com.idexcel.termloanservice.scripts.TermLoanLoanName"/>
  <testcase name="termLoanNameWithNegativedata" time="11.190" classname="com.idexcel.termloanservice.scripts.TermLoanLoanName"/>
  <testcase name="termLoanNameWithNegativedata" time="5.980" classname="com.idexcel.termloanservice.scripts.TermLoanLoanName"/>
  <testcase name="termLoanNameWithNegativedata" time="6.333" classname="com.idexcel.termloanservice.scripts.TermLoanLoanName"/>
  <testcase name="termLoanNameWithNegativedata" time="5.969" classname="com.idexcel.termloanservice.scripts.TermLoanLoanName"/>
  <testcase name="termLoanNameWithNegativedata" time="6.002" classname="com.idexcel.termloanservice.scripts.TermLoanLoanName"/>
  <testcase name="termLoanNameWithNegativedata" time="6.056" classname="com.idexcel.termloanservice.scripts.TermLoanLoanName"/>
  <testcase name="termLoanNameWithNegativedata" time="5.789" classname="com.idexcel.termloanservice.scripts.TermLoanLoanName"/>
  <testcase name="termLoanNameWithNegativedata" time="5.900" classname="com.idexcel.termloanservice.scripts.TermLoanLoanName"/>
  <testcase name="termLoanNameWithNegativedata" time="6.092" classname="com.idexcel.termloanservice.scripts.TermLoanLoanName"/>
  <testcase name="termLoanNameWithNegativedata" time="6.018" classname="com.idexcel.termloanservice.scripts.TermLoanLoanName"/>
  <testcase name="termLoanNameWithNegativedata" time="7.984" classname="com.idexcel.termloanservice.scripts.TermLoanLoanName">
    <failure type="java.lang.AssertionError" message="The following asserts failed:
	This is to verify Statuas code of Term loan setup loan name for Negative data expected [400] but found [500]">
      <![CDATA[java.lang.AssertionError: The following asserts failed:
	This is to verify Statuas code of Term loan setup loan name for Negative data expected [400] but found [500]
	at org.testng.asserts.SoftAssert.assertAll(SoftAssert.java:43)
	at com.idexcel.termloanservice.scripts.TermLoanLoanName.termLoanNameWithNegativedata_aroundBody0(TermLoanLoanName.java:57)
	at com.idexcel.termloanservice.scripts.TermLoanLoanName$AjcClosure1.run(TermLoanLoanName.java:1)
	at org.aspectj.runtime.reflect.JoinPointImpl.proceed(JoinPointImpl.java:149)
	at io.qameta.allure.aspects.StepsAspects.step(StepsAspects.java:51)
	at com.idexcel.termloanservice.scripts.TermLoanLoanName.termLoanNameWithNegativedata(TermLoanLoanName.java:48)
	at sun.reflect.GeneratedMethodAccessor165.invoke(Unknown Source)
	at sun.reflect.DelegatingMethodAccessorImpl.invoke(DelegatingMethodAccessorImpl.java:43)
	at java.lang.reflect.Method.invoke(Method.java:498)
	at org.testng.internal.MethodInvocationHelper.invokeMethod(MethodInvocationHelper.java:86)
	at org.testng.internal.Invoker.invokeMethod(Invoker.java:645)
	at org.testng.internal.Invoker.invokeTestMethod(Invoker.java:822)
	at org.testng.internal.Invoker.invokeTestMethods(Invoker.java:1130)
	at org.testng.internal.TestMethodWorker.invokeTestMethods(TestMethodWorker.java:129)
	at org.testng.internal.TestMethodWorker.run(TestMethodWorker.java:112)
	at org.testng.TestRunner.privateRun(TestRunner.java:782)
	at org.testng.TestRunner.run(TestRunner.java:632)
	at org.testng.SuiteRunner.runTest(SuiteRunner.java:366)
	at org.testng.SuiteRunner.runSequentially(SuiteRunner.java:361)
	at org.testng.SuiteRunner.privateRun(SuiteRunner.java:319)
	at org.testng.SuiteRunner.run(SuiteRunner.java:268)
	at org.testng.SuiteRunnerWorker.runSuite(SuiteRunnerWorker.java:52)
	at org.testng.SuiteRunnerWorker.run(SuiteRunnerWorker.java:86)
	at org.testng.TestNG.runSuitesSequentially(TestNG.java:1244)
	at org.testng.TestNG.runSuitesLocally(TestNG.java:1169)
	at org.testng.TestNG.run(TestNG.java:1064)
	at org.testng.remote.RemoteTestNG.run(RemoteTestNG.java:113)
	at org.testng.remote.RemoteTestNG.initAndRun(RemoteTestNG.java:206)
	at org.testng.remote.RemoteTestNG.main(RemoteTestNG.java:177)
]]>
    </failure>
  </testcase> <!-- termLoanNameWithNegativedata -->
  <testcase name="termLoanNameWithNegativedata" time="6.235" classname="com.idexcel.termloanservice.scripts.TermLoanLoanName"/>
  <testcase name="termLoanNameWithNegativedata" time="5.874" classname="com.idexcel.termloanservice.scripts.TermLoanLoanName"/>
  <testcase name="termLoanNameWithNegativedata" time="7.242" classname="com.idexcel.termloanservice.scripts.TermLoanLoanName">
    <failure type="java.lang.AssertionError" message="The following asserts failed:
	This is to verify Statuas code of Term loan setup loan name for Negative data expected [400] but found [500]">
      <![CDATA[java.lang.AssertionError: The following asserts failed:
	This is to verify Statuas code of Term loan setup loan name for Negative data expected [400] but found [500]
	at org.testng.asserts.SoftAssert.assertAll(SoftAssert.java:43)
	at com.idexcel.termloanservice.scripts.TermLoanLoanName.termLoanNameWithNegativedata_aroundBody0(TermLoanLoanName.java:57)
	at com.idexcel.termloanservice.scripts.TermLoanLoanName$AjcClosure1.run(TermLoanLoanName.java:1)
	at org.aspectj.runtime.reflect.JoinPointImpl.proceed(JoinPointImpl.java:149)
	at io.qameta.allure.aspects.StepsAspects.step(StepsAspects.java:51)
	at com.idexcel.termloanservice.scripts.TermLoanLoanName.termLoanNameWithNegativedata(TermLoanLoanName.java:48)
	at sun.reflect.GeneratedMethodAccessor165.invoke(Unknown Source)
	at sun.reflect.DelegatingMethodAccessorImpl.invoke(DelegatingMethodAccessorImpl.java:43)
	at java.lang.reflect.Method.invoke(Method.java:498)
	at org.testng.internal.MethodInvocationHelper.invokeMethod(MethodInvocationHelper.java:86)
	at org.testng.internal.Invoker.invokeMethod(Invoker.java:645)
	at org.testng.internal.Invoker.invokeTestMethod(Invoker.java:822)
	at org.testng.internal.Invoker.invokeTestMethods(Invoker.java:1130)
	at org.testng.internal.TestMethodWorker.invokeTestMethods(TestMethodWorker.java:129)
	at org.testng.internal.TestMethodWorker.run(TestMethodWorker.java:112)
	at org.testng.TestRunner.privateRun(TestRunner.java:782)
	at org.testng.TestRunner.run(TestRunner.java:632)
	at org.testng.SuiteRunner.runTest(SuiteRunner.java:366)
	at org.testng.SuiteRunner.runSequentially(SuiteRunner.java:361)
	at org.testng.SuiteRunner.privateRun(SuiteRunner.java:319)
	at org.testng.SuiteRunner.run(SuiteRunner.java:268)
	at org.testng.SuiteRunnerWorker.runSuite(SuiteRunnerWorker.java:52)
	at org.testng.SuiteRunnerWorker.run(SuiteRunnerWorker.java:86)
	at org.testng.TestNG.runSuitesSequentially(TestNG.java:1244)
	at org.testng.TestNG.runSuitesLocally(TestNG.java:1169)
	at org.testng.TestNG.run(TestNG.java:1064)
	at org.testng.remote.RemoteTestNG.run(RemoteTestNG.java:113)
	at org.testng.remote.RemoteTestNG.initAndRun(RemoteTestNG.java:206)
	at org.testng.remote.RemoteTestNG.main(RemoteTestNG.java:177)
]]>
    </failure>
  </testcase> <!-- termLoanNameWithNegativedata -->
  <testcase name="termLoanNameWithNegativedata" time="6.115" classname="com.idexcel.termloanservice.scripts.TermLoanLoanName"/>
  <testcase name="termLoanNameWithNegativedata" time="5.843" classname="com.idexcel.termloanservice.scripts.TermLoanLoanName"/>
  <testcase name="termLoanNameWithNegativedata" time="6.026" classname="com.idexcel.termloanservice.scripts.TermLoanLoanName"/>
  <testcase name="termLoanNameWithNegativedata" time="6.465" classname="com.idexcel.termloanservice.scripts.TermLoanLoanName"/>
  <testcase name="termLoanNameWithNegativedata" time="5.934" classname="com.idexcel.termloanservice.scripts.TermLoanLoanName"/>
  <testcase name="termLoanNameWithNegativedata" time="6.119" classname="com.idexcel.termloanservice.scripts.TermLoanLoanName"/>
  <testcase name="termLoanNameWithNegativedata" time="6.078" classname="com.idexcel.termloanservice.scripts.TermLoanLoanName"/>
  <testcase name="termLoanNameWithNegativedata" time="5.941" classname="com.idexcel.termloanservice.scripts.TermLoanLoanName"/>
  <testcase name="termLoanNameWithNegativedata" time="5.936" classname="com.idexcel.termloanservice.scripts.TermLoanLoanName"/>
  <testcase name="termLoanNameWithNegativedata" time="6.120" classname="com.idexcel.termloanservice.scripts.TermLoanLoanName"/>
  <testcase name="termLoanNameWithNegativedata" time="6.093" classname="com.idexcel.termloanservice.scripts.TermLoanLoanName"/>
  <testcase name="termLoanNameWithNegativedata" time="6.039" classname="com.idexcel.termloanservice.scripts.TermLoanLoanName"/>
  <testcase name="termLoanNameWithNegativedata" time="5.918" classname="com.idexcel.termloanservice.scripts.TermLoanLoanName"/>
  <testcase name="termLoanNameWithNegativedata" time="6.027" classname="com.idexcel.termloanservice.scripts.TermLoanLoanName"/>
  <testcase name="termLoanNameWithNegativedata" time="6.043" classname="com.idexcel.termloanservice.scripts.TermLoanLoanName"/>
  <testcase name="termLoanNameWithNegativedata" time="5.923" classname="com.idexcel.termloanservice.scripts.TermLoanLoanName"/>
  <testcase name="termLoanNameWithNegativedata" time="6.191" classname="com.idexcel.termloanservice.scripts.TermLoanLoanName"/>
  <testcase name="termLoanNameWithNegativedata" time="5.938" classname="com.idexcel.termloanservice.scripts.TermLoanLoanName"/>
</testsuite> <!-- com.idexcel.termloanservice.scripts.TermLoanLoanName -->
